{"/Users/willyboris/Desktop/Project/react-app/ReactApp/src/App.js": {"path":"/Users/willyboris/Desktop/Project/react-app/ReactApp/src/App.js","statementMap":{"0":{"start":{"line":7,"column":12},"end":{"line":15,"column":1}},"1":{"start":{"line":8,"column":4},"end":{"line":14,"column":6}}},"fnMap":{"0":{"name":"(anonymous_0)","decl":{"start":{"line":7,"column":12},"end":{"line":7,"column":13}},"loc":{"start":{"line":7,"column":18},"end":{"line":15,"column":1}},"line":7}},"branchMap":{},"s":{"0":1,"1":1},"f":{"0":1},"b":{},"_coverageSchema":"43e27e138ebf9cfc5966b082cf9a028302ed4184","hash":"6c5c667908fe945b51fafe314a2088eaabd703f6"}
,"/Users/willyboris/Desktop/Project/react-app/ReactApp/src/constantVariable.js": {"path":"/Users/willyboris/Desktop/Project/react-app/ReactApp/src/constantVariable.js","statementMap":{"0":{"start":{"line":1,"column":30},"end":{"line":1,"column":79}},"1":{"start":{"line":2,"column":30},"end":{"line":2,"column":82}},"2":{"start":{"line":3,"column":31},"end":{"line":3,"column":64}},"3":{"start":{"line":4,"column":30},"end":{"line":4,"column":106}},"4":{"start":{"line":5,"column":30},"end":{"line":5,"column":82}},"5":{"start":{"line":6,"column":31},"end":{"line":6,"column":71}}},"fnMap":{},"branchMap":{},"s":{"0":1,"1":1,"2":1,"3":1,"4":1,"5":1},"f":{},"b":{},"_coverageSchema":"43e27e138ebf9cfc5966b082cf9a028302ed4184","hash":"9bc4a9235c2521be47e2b39daee160bf5bb726d2"}
,"/Users/willyboris/Desktop/Project/react-app/ReactApp/src/index.js": {"path":"/Users/willyboris/Desktop/Project/react-app/ReactApp/src/index.js","statementMap":{"0":{"start":{"line":7,"column":20},"end":{"line":7,"column":51}},"1":{"start":{"line":8,"column":0},"end":{"line":11,"column":30}}},"fnMap":{},"branchMap":{},"s":{"0":0,"1":0},"f":{},"b":{},"hash":"1f0a5c325970a61c8f0bd4c830de3e5fed3db1e3"}
,"/Users/willyboris/Desktop/Project/react-app/ReactApp/src/components/OutputField.js": {"path":"/Users/willyboris/Desktop/Project/react-app/ReactApp/src/components/OutputField.js","statementMap":{"0":{"start":{"line":7,"column":8},"end":{"line":7,"column":21}},"1":{"start":{"line":9,"column":20},"end":{"line":12,"column":6}},"2":{"start":{"line":10,"column":9},"end":{"line":10,"column":28}},"3":{"start":{"line":11,"column":9},"end":{"line":11,"column":46}},"4":{"start":{"line":14,"column":9},"end":{"line":16,"column":10}},"5":{"start":{"line":15,"column":13},"end":{"line":15,"column":69}},"6":{"start":{"line":17,"column":9},"end":{"line":31,"column":11}},"7":{"start":{"line":34,"column":24},"end":{"line":36,"column":1}},"8":{"start":{"line":35,"column":4},"end":{"line":35,"column":17}}},"fnMap":{"0":{"name":"(anonymous_0)","decl":{"start":{"line":6,"column":4},"end":{"line":6,"column":5}},"loc":{"start":{"line":6,"column":24},"end":{"line":8,"column":5}},"line":6},"1":{"name":"(anonymous_1)","decl":{"start":{"line":9,"column":20},"end":{"line":9,"column":21}},"loc":{"start":{"line":9,"column":27},"end":{"line":12,"column":6}},"line":9},"2":{"name":"(anonymous_2)","decl":{"start":{"line":13,"column":5},"end":{"line":13,"column":6}},"loc":{"start":{"line":13,"column":15},"end":{"line":32,"column":6}},"line":13},"3":{"name":"(anonymous_3)","decl":{"start":{"line":34,"column":24},"end":{"line":34,"column":25}},"loc":{"start":{"line":34,"column":33},"end":{"line":36,"column":1}},"line":34}},"branchMap":{"0":{"loc":{"start":{"line":14,"column":9},"end":{"line":16,"column":10}},"type":"if","locations":[{"start":{"line":14,"column":9},"end":{"line":16,"column":10}},{"start":{"line":14,"column":9},"end":{"line":16,"column":10}}],"line":14}},"s":{"0":0,"1":0,"2":0,"3":0,"4":0,"5":0,"6":0,"7":1,"8":0},"f":{"0":0,"1":0,"2":0,"3":0},"b":{"0":[0,0]},"_coverageSchema":"43e27e138ebf9cfc5966b082cf9a028302ed4184","hash":"8e3a16c16a23d95b390f2bf202a135ed0465c5cc"}
,"/Users/willyboris/Desktop/Project/react-app/ReactApp/src/components/Routes.js": {"path":"/Users/willyboris/Desktop/Project/react-app/ReactApp/src/components/Routes.js","statementMap":{"0":{"start":{"line":5,"column":22},"end":{"line":9,"column":1}},"1":{"start":{"line":6,"column":4},"end":{"line":8,"column":13}},"2":{"start":{"line":7,"column":47},"end":{"line":7,"column":72}}},"fnMap":{"0":{"name":"(anonymous_0)","decl":{"start":{"line":5,"column":22},"end":{"line":5,"column":23}},"loc":{"start":{"line":6,"column":4},"end":{"line":8,"column":13}},"line":6},"1":{"name":"(anonymous_1)","decl":{"start":{"line":7,"column":38},"end":{"line":7,"column":39}},"loc":{"start":{"line":7,"column":47},"end":{"line":7,"column":72}},"line":7}},"branchMap":{},"s":{"0":0,"1":0,"2":0},"f":{"0":0,"1":0},"b":{},"hash":"1dbe0a0748e206b93769d783086d298879f2e643"}
,"/Users/willyboris/Desktop/Project/react-app/ReactApp/src/components/SearchField.js": {"path":"/Users/willyboris/Desktop/Project/react-app/ReactApp/src/components/SearchField.js","statementMap":{"0":{"start":{"line":7,"column":8},"end":{"line":7,"column":21}},"1":{"start":{"line":10,"column":20},"end":{"line":13,"column":6}},"2":{"start":{"line":11,"column":9},"end":{"line":11,"column":28}},"3":{"start":{"line":12,"column":9},"end":{"line":12,"column":46}},"4":{"start":{"line":15,"column":9},"end":{"line":29,"column":11}},"5":{"start":{"line":26,"column":44},"end":{"line":26,"column":99}},"6":{"start":{"line":32,"column":24},"end":{"line":35,"column":1}},"7":{"start":{"line":33,"column":4},"end":{"line":33,"column":35}},"8":{"start":{"line":34,"column":4},"end":{"line":34,"column":17}}},"fnMap":{"0":{"name":"(anonymous_0)","decl":{"start":{"line":6,"column":4},"end":{"line":6,"column":5}},"loc":{"start":{"line":6,"column":24},"end":{"line":8,"column":5}},"line":6},"1":{"name":"(anonymous_1)","decl":{"start":{"line":10,"column":20},"end":{"line":10,"column":21}},"loc":{"start":{"line":10,"column":27},"end":{"line":13,"column":6}},"line":10},"2":{"name":"(anonymous_2)","decl":{"start":{"line":14,"column":5},"end":{"line":14,"column":6}},"loc":{"start":{"line":14,"column":15},"end":{"line":30,"column":6}},"line":14},"3":{"name":"(anonymous_3)","decl":{"start":{"line":26,"column":38},"end":{"line":26,"column":39}},"loc":{"start":{"line":26,"column":44},"end":{"line":26,"column":99}},"line":26},"4":{"name":"(anonymous_4)","decl":{"start":{"line":32,"column":24},"end":{"line":32,"column":25}},"loc":{"start":{"line":32,"column":33},"end":{"line":35,"column":1}},"line":32}},"branchMap":{},"s":{"0":0,"1":0,"2":0,"3":0,"4":0,"5":0,"6":1,"7":0,"8":0},"f":{"0":0,"1":0,"2":0,"3":0,"4":0},"b":{},"_coverageSchema":"43e27e138ebf9cfc5966b082cf9a028302ed4184","hash":"3548d465516b936ce9d935a7792cb7c0ca9db5c9"}
,"/Users/willyboris/Desktop/Project/react-app/ReactApp/src/components/SpeechVoice.js": {"path":"/Users/willyboris/Desktop/Project/react-app/ReactApp/src/components/SpeechVoice.js","statementMap":{"0":{"start":{"line":9,"column":8},"end":{"line":9,"column":21}},"1":{"start":{"line":12,"column":20},"end":{"line":15,"column":6}},"2":{"start":{"line":13,"column":9},"end":{"line":13,"column":28}},"3":{"start":{"line":14,"column":9},"end":{"line":14,"column":46}},"4":{"start":{"line":17,"column":9},"end":{"line":21,"column":11}},"5":{"start":{"line":19,"column":40},"end":{"line":19,"column":84}},"6":{"start":{"line":24,"column":24},"end":{"line":26,"column":1}},"7":{"start":{"line":25,"column":4},"end":{"line":25,"column":17}}},"fnMap":{"0":{"name":"(anonymous_0)","decl":{"start":{"line":8,"column":4},"end":{"line":8,"column":5}},"loc":{"start":{"line":8,"column":24},"end":{"line":10,"column":5}},"line":8},"1":{"name":"(anonymous_1)","decl":{"start":{"line":12,"column":20},"end":{"line":12,"column":21}},"loc":{"start":{"line":12,"column":27},"end":{"line":15,"column":6}},"line":12},"2":{"name":"(anonymous_2)","decl":{"start":{"line":16,"column":5},"end":{"line":16,"column":6}},"loc":{"start":{"line":16,"column":15},"end":{"line":22,"column":6}},"line":16},"3":{"name":"(anonymous_3)","decl":{"start":{"line":19,"column":34},"end":{"line":19,"column":35}},"loc":{"start":{"line":19,"column":40},"end":{"line":19,"column":84}},"line":19},"4":{"name":"(anonymous_4)","decl":{"start":{"line":24,"column":24},"end":{"line":24,"column":25}},"loc":{"start":{"line":24,"column":33},"end":{"line":26,"column":1}},"line":24}},"branchMap":{},"s":{"0":0,"1":0,"2":0,"3":0,"4":0,"5":0,"6":1,"7":0},"f":{"0":0,"1":0,"2":0,"3":0,"4":0},"b":{},"_coverageSchema":"43e27e138ebf9cfc5966b082cf9a028302ed4184","hash":"c206a889980183f5cb9fe397a19f009e7af25f86"}
,"/Users/willyboris/Desktop/Project/react-app/ReactApp/src/redux/actions/fetchData.js": {"path":"/Users/willyboris/Desktop/Project/react-app/ReactApp/src/redux/actions/fetchData.js","statementMap":{"0":{"start":{"line":3,"column":25},"end":{"line":8,"column":1}},"1":{"start":{"line":4,"column":4},"end":{"line":7,"column":6}}},"fnMap":{"0":{"name":"(anonymous_0)","decl":{"start":{"line":3,"column":25},"end":{"line":3,"column":26}},"loc":{"start":{"line":3,"column":36},"end":{"line":8,"column":1}},"line":3}},"branchMap":{},"s":{"0":0,"1":0},"f":{"0":0},"b":{},"hash":"42034f103afd7bc29c31a84c420dd55adc88ed73"}
,"/Users/willyboris/Desktop/Project/react-app/ReactApp/src/redux/actions/index.js": {"path":"/Users/willyboris/Desktop/Project/react-app/ReactApp/src/redux/actions/index.js","statementMap":{},"fnMap":{},"branchMap":{},"s":{},"f":{},"b":{},"_coverageSchema":"43e27e138ebf9cfc5966b082cf9a028302ed4184","hash":"3d8c41aea38b850171a69a5dd779c280d16caaa8"}
,"/Users/willyboris/Desktop/Project/react-app/ReactApp/src/redux/actions/saveInputAction.js": {"path":"/Users/willyboris/Desktop/Project/react-app/ReactApp/src/redux/actions/saveInputAction.js","statementMap":{"0":{"start":{"line":3,"column":25},"end":{"line":8,"column":1}},"1":{"start":{"line":4,"column":4},"end":{"line":7,"column":6}}},"fnMap":{"0":{"name":"(anonymous_0)","decl":{"start":{"line":3,"column":25},"end":{"line":3,"column":26}},"loc":{"start":{"line":3,"column":36},"end":{"line":8,"column":1}},"line":3}},"branchMap":{},"s":{"0":1,"1":0},"f":{"0":0},"b":{},"_coverageSchema":"43e27e138ebf9cfc5966b082cf9a028302ed4184","hash":"d853f64fc9549d90af8292d16fc64d255f6fc241"}
,"/Users/willyboris/Desktop/Project/react-app/ReactApp/src/redux/actions/searchAction.js": {"path":"/Users/willyboris/Desktop/Project/react-app/ReactApp/src/redux/actions/searchAction.js","statementMap":{"0":{"start":{"line":4,"column":28},"end":{"line":15,"column":1}},"1":{"start":{"line":5,"column":4},"end":{"line":14,"column":6}},"2":{"start":{"line":6,"column":23},"end":{"line":12,"column":10}},"3":{"start":{"line":13,"column":8},"end":{"line":13,"column":76}}},"fnMap":{"0":{"name":"(anonymous_0)","decl":{"start":{"line":4,"column":28},"end":{"line":4,"column":29}},"loc":{"start":{"line":4,"column":39},"end":{"line":15,"column":1}},"line":4},"1":{"name":"(anonymous_1)","decl":{"start":{"line":5,"column":11},"end":{"line":5,"column":12}},"loc":{"start":{"line":5,"column":31},"end":{"line":14,"column":5}},"line":5}},"branchMap":{},"s":{"0":1,"1":0,"2":0,"3":0},"f":{"0":0,"1":0},"b":{},"_coverageSchema":"43e27e138ebf9cfc5966b082cf9a028302ed4184","hash":"f469d3fe7cb5bc465eee41043223fbac25e694dc"}
,"/Users/willyboris/Desktop/Project/react-app/ReactApp/src/redux/actions/spellAction.js": {"path":"/Users/willyboris/Desktop/Project/react-app/ReactApp/src/redux/actions/spellAction.js","statementMap":{"0":{"start":{"line":3,"column":21},"end":{"line":45,"column":1}},"1":{"start":{"line":4,"column":19},"end":{"line":4,"column":37}},"2":{"start":{"line":5,"column":17},"end":{"line":5,"column":46}},"3":{"start":{"line":6,"column":20},"end":{"line":12,"column":5}},"4":{"start":{"line":13,"column":16},"end":{"line":13,"column":102}},"5":{"start":{"line":14,"column":4},"end":{"line":43,"column":42}},"6":{"start":{"line":16,"column":27},"end":{"line":16,"column":52}},"7":{"start":{"line":17,"column":12},"end":{"line":31,"column":15}},"8":{"start":{"line":19,"column":20},"end":{"line":19,"column":34}},"9":{"start":{"line":21,"column":24},"end":{"line":28,"column":27}},"10":{"start":{"line":22,"column":28},"end":{"line":25,"column":29}},"11":{"start":{"line":23,"column":32},"end":{"line":23,"column":51}},"12":{"start":{"line":24,"column":32},"end":{"line":24,"column":39}},"13":{"start":{"line":26,"column":28},"end":{"line":26,"column":54}},"14":{"start":{"line":27,"column":28},"end":{"line":27,"column":42}},"15":{"start":{"line":33,"column":24},"end":{"line":33,"column":44}},"16":{"start":{"line":35,"column":12},"end":{"line":35,"column":42}},"17":{"start":{"line":38,"column":12},"end":{"line":41,"column":15}},"18":{"start":{"line":39,"column":16},"end":{"line":39,"column":44}},"19":{"start":{"line":40,"column":16},"end":{"line":40,"column":53}},"20":{"start":{"line":43,"column":22},"end":{"line":43,"column":40}},"21":{"start":{"line":44,"column":4},"end":{"line":44,"column":20}}},"fnMap":{"0":{"name":"(anonymous_0)","decl":{"start":{"line":3,"column":21},"end":{"line":3,"column":22}},"loc":{"start":{"line":3,"column":38},"end":{"line":45,"column":1}},"line":3},"1":{"name":"(anonymous_1)","decl":{"start":{"line":15,"column":14},"end":{"line":15,"column":15}},"loc":{"start":{"line":15,"column":26},"end":{"line":32,"column":9}},"line":15},"2":{"name":"(anonymous_2)","decl":{"start":{"line":18,"column":16},"end":{"line":18,"column":17}},"loc":{"start":{"line":18,"column":35},"end":{"line":30,"column":17}},"line":18},"3":{"name":"pump","decl":{"start":{"line":20,"column":29},"end":{"line":20,"column":33}},"loc":{"start":{"line":20,"column":37},"end":{"line":29,"column":21}},"line":20},"4":{"name":"(anonymous_4)","decl":{"start":{"line":21,"column":50},"end":{"line":21,"column":51}},"loc":{"start":{"line":21,"column":71},"end":{"line":28,"column":25}},"line":21},"5":{"name":"(anonymous_5)","decl":{"start":{"line":33,"column":14},"end":{"line":33,"column":15}},"loc":{"start":{"line":33,"column":24},"end":{"line":33,"column":44}},"line":33},"6":{"name":"(anonymous_6)","decl":{"start":{"line":34,"column":14},"end":{"line":34,"column":15}},"loc":{"start":{"line":34,"column":26},"end":{"line":36,"column":9}},"line":34},"7":{"name":"(anonymous_7)","decl":{"start":{"line":37,"column":14},"end":{"line":37,"column":15}},"loc":{"start":{"line":37,"column":32},"end":{"line":42,"column":9}},"line":37},"8":{"name":"(anonymous_8)","decl":{"start":{"line":38,"column":45},"end":{"line":38,"column":46}},"loc":{"start":{"line":38,"column":68},"end":{"line":41,"column":13}},"line":38},"9":{"name":"(anonymous_9)","decl":{"start":{"line":43,"column":15},"end":{"line":43,"column":16}},"loc":{"start":{"line":43,"column":22},"end":{"line":43,"column":40}},"line":43}},"branchMap":{"0":{"loc":{"start":{"line":22,"column":28},"end":{"line":25,"column":29}},"type":"if","locations":[{"start":{"line":22,"column":28},"end":{"line":25,"column":29}},{"start":{"line":22,"column":28},"end":{"line":25,"column":29}}],"line":22}},"s":{"0":1,"1":0,"2":0,"3":0,"4":0,"5":0,"6":0,"7":0,"8":0,"9":0,"10":0,"11":0,"12":0,"13":0,"14":0,"15":0,"16":0,"17":0,"18":0,"19":0,"20":0,"21":0},"f":{"0":0,"1":0,"2":0,"3":0,"4":0,"5":0,"6":0,"7":0,"8":0,"9":0},"b":{"0":[0,0]},"_coverageSchema":"43e27e138ebf9cfc5966b082cf9a028302ed4184","hash":"f9b675099474b7c607137f706d8a0328a5a02d04"}
,"/Users/willyboris/Desktop/Project/react-app/ReactApp/src/redux/actions-types/index.js": {"path":"/Users/willyboris/Desktop/Project/react-app/ReactApp/src/redux/actions-types/index.js","statementMap":{},"fnMap":{},"branchMap":{},"s":{},"f":{},"b":{},"_coverageSchema":"43e27e138ebf9cfc5966b082cf9a028302ed4184","hash":"7a32ae05b0536674824f4388ef9577f6ae8ba392"}
,"/Users/willyboris/Desktop/Project/react-app/ReactApp/src/redux/actions-types/searchActionsType.js": {"path":"/Users/willyboris/Desktop/Project/react-app/ReactApp/src/redux/actions-types/searchActionsType.js","statementMap":{"0":{"start":{"line":1,"column":28},"end":{"line":1,"column":42}},"1":{"start":{"line":2,"column":26},"end":{"line":2,"column":38}},"2":{"start":{"line":3,"column":30},"end":{"line":3,"column":46}},"3":{"start":{"line":4,"column":31},"end":{"line":4,"column":48}},"4":{"start":{"line":5,"column":26},"end":{"line":5,"column":38}},"5":{"start":{"line":6,"column":25},"end":{"line":6,"column":36}}},"fnMap":{},"branchMap":{},"s":{"0":1,"1":1,"2":1,"3":1,"4":1,"5":1},"f":{},"b":{},"_coverageSchema":"43e27e138ebf9cfc5966b082cf9a028302ed4184","hash":"988e8ec464ebc1b0d00a77611d37e99eb6d85bc3"}
,"/Users/willyboris/Desktop/Project/react-app/ReactApp/src/redux/reducers/index.js": {"path":"/Users/willyboris/Desktop/Project/react-app/ReactApp/src/redux/reducers/index.js","statementMap":{"0":{"start":{"line":7,"column":20},"end":{"line":10,"column":2}}},"fnMap":{},"branchMap":{},"s":{"0":0},"f":{},"b":{},"hash":"2eecbf1ad0373acfb67c3fd95a3aa6e6006ecd8e"}
,"/Users/willyboris/Desktop/Project/react-app/ReactApp/src/redux/reducers/searchReducer.js": {"path":"/Users/willyboris/Desktop/Project/react-app/ReactApp/src/redux/reducers/searchReducer.js","statementMap":{"0":{"start":{"line":4,"column":22},"end":{"line":27,"column":1}},"1":{"start":{"line":8,"column":4},"end":{"line":26,"column":5}},"2":{"start":{"line":10,"column":12},"end":{"line":13,"column":14}},"3":{"start":{"line":16,"column":12},"end":{"line":18,"column":14}},"4":{"start":{"line":21,"column":12},"end":{"line":23,"column":14}},"5":{"start":{"line":25,"column":12},"end":{"line":25,"column":25}}},"fnMap":{"0":{"name":"(anonymous_0)","decl":{"start":{"line":4,"column":22},"end":{"line":4,"column":23}},"loc":{"start":{"line":7,"column":6},"end":{"line":27,"column":1}},"line":7}},"branchMap":{"0":{"loc":{"start":{"line":4,"column":23},"end":{"line":4,"column":43}},"type":"default-arg","locations":[{"start":{"line":4,"column":31},"end":{"line":4,"column":43}}],"line":4},"1":{"loc":{"start":{"line":8,"column":4},"end":{"line":26,"column":5}},"type":"switch","locations":[{"start":{"line":9,"column":8},"end":{"line":13,"column":14}},{"start":{"line":15,"column":8},"end":{"line":18,"column":14}},{"start":{"line":20,"column":8},"end":{"line":23,"column":14}},{"start":{"line":24,"column":8},"end":{"line":25,"column":25}}],"line":8}},"s":{"0":0,"1":0,"2":0,"3":0,"4":0,"5":0},"f":{"0":0},"b":{"0":[0],"1":[0,0,0,0]},"hash":"d5b75f35ef51a97509396c4c5abe40c5c13940f6"}
,"/Users/willyboris/Desktop/Project/react-app/ReactApp/src/redux/store/index.js": {"path":"/Users/willyboris/Desktop/Project/react-app/ReactApp/src/redux/store/index.js","statementMap":{"0":{"start":{"line":11,"column":25},"end":{"line":11,"column":48}},"1":{"start":{"line":13,"column":14},"end":{"line":18,"column":1}}},"fnMap":{},"branchMap":{},"s":{"0":0,"1":0},"f":{},"b":{},"hash":"c8a8c4e1486411552af53261cce933a6fa2560bf"}
,"/Users/willyboris/Desktop/Project/react-app/ReactApp/src/redux/store/initialState.js": {"path":"/Users/willyboris/Desktop/Project/react-app/ReactApp/src/redux/store/initialState.js","statementMap":{"0":{"start":{"line":1,"column":21},"end":{"line":4,"column":1}}},"fnMap":{},"branchMap":{},"s":{"0":0},"f":{},"b":{},"hash":"0d9305f7765c96d706854fcf29973acd917ec6c5"}
}
