{"/Users/willyboris/Desktop/Project/react-app/ReactApp/src/App.js": {"path":"/Users/willyboris/Desktop/Project/react-app/ReactApp/src/App.js","statementMap":{"0":{"start":{"line":6,"column":12},"end":{"line":14,"column":1}},"1":{"start":{"line":7,"column":4},"end":{"line":13,"column":6}}},"fnMap":{"0":{"name":"(anonymous_0)","decl":{"start":{"line":6,"column":12},"end":{"line":6,"column":13}},"loc":{"start":{"line":6,"column":18},"end":{"line":14,"column":1}},"line":6}},"branchMap":{},"s":{"0":1,"1":1},"f":{"0":1},"b":{},"_coverageSchema":"43e27e138ebf9cfc5966b082cf9a028302ed4184","hash":"d37acc06d9919e07aaa3ad8d7ae657f69fa68990"}
,"/Users/willyboris/Desktop/Project/react-app/ReactApp/src/index.js": {"path":"/Users/willyboris/Desktop/Project/react-app/ReactApp/src/index.js","statementMap":{"0":{"start":{"line":7,"column":20},"end":{"line":7,"column":51}},"1":{"start":{"line":8,"column":0},"end":{"line":11,"column":30}}},"fnMap":{},"branchMap":{},"s":{"0":0,"1":0},"f":{},"b":{},"hash":"1f0a5c325970a61c8f0bd4c830de3e5fed3db1e3"}
,"/Users/willyboris/Desktop/Project/react-app/ReactApp/src/components/OutputField.js": {"path":"/Users/willyboris/Desktop/Project/react-app/ReactApp/src/components/OutputField.js","statementMap":{"0":{"start":{"line":7,"column":8},"end":{"line":22,"column":10}},"1":{"start":{"line":25,"column":24},"end":{"line":27,"column":1}},"2":{"start":{"line":26,"column":4},"end":{"line":26,"column":17}}},"fnMap":{"0":{"name":"(anonymous_0)","decl":{"start":{"line":6,"column":4},"end":{"line":6,"column":5}},"loc":{"start":{"line":6,"column":14},"end":{"line":23,"column":5}},"line":6},"1":{"name":"(anonymous_1)","decl":{"start":{"line":25,"column":24},"end":{"line":25,"column":25}},"loc":{"start":{"line":25,"column":33},"end":{"line":27,"column":1}},"line":25}},"branchMap":{},"s":{"0":4,"1":1,"2":4},"f":{"0":4,"1":4},"b":{},"_coverageSchema":"43e27e138ebf9cfc5966b082cf9a028302ed4184","hash":"f47e4787069dd6934befec978de272f04e7b1664"}
,"/Users/willyboris/Desktop/Project/react-app/ReactApp/src/components/SearchField.js": {"path":"/Users/willyboris/Desktop/Project/react-app/ReactApp/src/components/SearchField.js","statementMap":{"0":{"start":{"line":12,"column":8},"end":{"line":12,"column":21}},"1":{"start":{"line":15,"column":8},"end":{"line":15,"column":42}},"2":{"start":{"line":17,"column":20},"end":{"line":20,"column":6}},"3":{"start":{"line":18,"column":9},"end":{"line":18,"column":28}},"4":{"start":{"line":19,"column":9},"end":{"line":19,"column":46}},"5":{"start":{"line":22,"column":49},"end":{"line":22,"column":59}},"6":{"start":{"line":24,"column":9},"end":{"line":44,"column":11}},"7":{"start":{"line":37,"column":48},"end":{"line":37,"column":81}},"8":{"start":{"line":47,"column":24},"end":{"line":49,"column":1}},"9":{"start":{"line":48,"column":4},"end":{"line":48,"column":17}}},"fnMap":{"0":{"name":"(anonymous_0)","decl":{"start":{"line":11,"column":4},"end":{"line":11,"column":5}},"loc":{"start":{"line":11,"column":24},"end":{"line":13,"column":5}},"line":11},"1":{"name":"(anonymous_1)","decl":{"start":{"line":14,"column":4},"end":{"line":14,"column":5}},"loc":{"start":{"line":14,"column":25},"end":{"line":16,"column":5}},"line":14},"2":{"name":"(anonymous_2)","decl":{"start":{"line":17,"column":20},"end":{"line":17,"column":21}},"loc":{"start":{"line":17,"column":27},"end":{"line":20,"column":6}},"line":17},"3":{"name":"(anonymous_3)","decl":{"start":{"line":21,"column":5},"end":{"line":21,"column":6}},"loc":{"start":{"line":21,"column":15},"end":{"line":45,"column":6}},"line":21},"4":{"name":"(anonymous_4)","decl":{"start":{"line":37,"column":42},"end":{"line":37,"column":43}},"loc":{"start":{"line":37,"column":48},"end":{"line":37,"column":81}},"line":37},"5":{"name":"(anonymous_5)","decl":{"start":{"line":47,"column":24},"end":{"line":47,"column":25}},"loc":{"start":{"line":47,"column":33},"end":{"line":49,"column":1}},"line":47}},"branchMap":{"0":{"loc":{"start":{"line":26,"column":19},"end":{"line":28,"column":18}},"type":"cond-expr","locations":[{"start":{"line":26,"column":50},"end":{"line":26,"column":61}},{"start":{"line":27,"column":21},"end":{"line":27,"column":23}}],"line":26}},"s":{"0":1,"1":1,"2":1,"3":0,"4":0,"5":2,"6":2,"7":0,"8":1,"9":2},"f":{"0":1,"1":1,"2":0,"3":2,"4":0,"5":2},"b":{"0":[1,1]},"_coverageSchema":"43e27e138ebf9cfc5966b082cf9a028302ed4184","hash":"490a09744a7e2ac2cfee076c19c7e3205147ab4b"}
,"/Users/willyboris/Desktop/Project/react-app/ReactApp/src/components/SpeechVoice.js": {"path":"/Users/willyboris/Desktop/Project/react-app/ReactApp/src/components/SpeechVoice.js","statementMap":{"0":{"start":{"line":12,"column":8},"end":{"line":12,"column":21}},"1":{"start":{"line":15,"column":20},"end":{"line":18,"column":6}},"2":{"start":{"line":16,"column":9},"end":{"line":16,"column":28}},"3":{"start":{"line":17,"column":9},"end":{"line":17,"column":46}},"4":{"start":{"line":20,"column":9},"end":{"line":26,"column":11}},"5":{"start":{"line":22,"column":40},"end":{"line":22,"column":84}},"6":{"start":{"line":29,"column":24},"end":{"line":31,"column":1}},"7":{"start":{"line":30,"column":4},"end":{"line":30,"column":17}}},"fnMap":{"0":{"name":"(anonymous_0)","decl":{"start":{"line":11,"column":4},"end":{"line":11,"column":5}},"loc":{"start":{"line":11,"column":24},"end":{"line":13,"column":5}},"line":11},"1":{"name":"(anonymous_1)","decl":{"start":{"line":15,"column":20},"end":{"line":15,"column":21}},"loc":{"start":{"line":15,"column":27},"end":{"line":18,"column":6}},"line":15},"2":{"name":"(anonymous_2)","decl":{"start":{"line":19,"column":5},"end":{"line":19,"column":6}},"loc":{"start":{"line":19,"column":15},"end":{"line":27,"column":6}},"line":19},"3":{"name":"(anonymous_3)","decl":{"start":{"line":22,"column":34},"end":{"line":22,"column":35}},"loc":{"start":{"line":22,"column":40},"end":{"line":22,"column":84}},"line":22},"4":{"name":"(anonymous_4)","decl":{"start":{"line":29,"column":24},"end":{"line":29,"column":25}},"loc":{"start":{"line":29,"column":33},"end":{"line":31,"column":1}},"line":29}},"branchMap":{},"s":{"0":2,"1":2,"2":0,"3":0,"4":3,"5":0,"6":1,"7":3},"f":{"0":2,"1":0,"2":3,"3":0,"4":3},"b":{},"_coverageSchema":"43e27e138ebf9cfc5966b082cf9a028302ed4184","hash":"1786d31fde6fc973a51e2f6ea0f8c6aa03017d51"}
,"/Users/willyboris/Desktop/Project/react-app/ReactApp/src/components/Spinner.js": {"path":"/Users/willyboris/Desktop/Project/react-app/ReactApp/src/components/Spinner.js","statementMap":{"0":{"start":{"line":5,"column":16},"end":{"line":12,"column":1}},"1":{"start":{"line":6,"column":4},"end":{"line":10,"column":10}}},"fnMap":{"0":{"name":"(anonymous_0)","decl":{"start":{"line":5,"column":16},"end":{"line":5,"column":17}},"loc":{"start":{"line":6,"column":4},"end":{"line":10,"column":10}},"line":6}},"branchMap":{},"s":{"0":1,"1":2},"f":{"0":2},"b":{},"_coverageSchema":"43e27e138ebf9cfc5966b082cf9a028302ed4184","hash":"72bd2b3b10c44066a650c64e35f8bea7ca4ae709"}
,"/Users/willyboris/Desktop/Project/react-app/ReactApp/src/helper/notification.js": {"path":"/Users/willyboris/Desktop/Project/react-app/ReactApp/src/helper/notification.js","statementMap":{"0":{"start":{"line":3,"column":27},"end":{"line":3,"column":70}},"1":{"start":{"line":3,"column":45},"end":{"line":3,"column":70}},"2":{"start":{"line":4,"column":29},"end":{"line":4,"column":74}},"3":{"start":{"line":4,"column":47},"end":{"line":4,"column":74}}},"fnMap":{"0":{"name":"(anonymous_0)","decl":{"start":{"line":3,"column":27},"end":{"line":3,"column":28}},"loc":{"start":{"line":3,"column":45},"end":{"line":3,"column":70}},"line":3},"1":{"name":"(anonymous_1)","decl":{"start":{"line":4,"column":29},"end":{"line":4,"column":30}},"loc":{"start":{"line":4,"column":47},"end":{"line":4,"column":74}},"line":4}},"branchMap":{},"s":{"0":1,"1":0,"2":1,"3":0},"f":{"0":0,"1":0},"b":{},"_coverageSchema":"43e27e138ebf9cfc5966b082cf9a028302ed4184","hash":"2f78ca8a9ba075bb70acdabb74d026b4e6912df7"}
,"/Users/willyboris/Desktop/Project/react-app/ReactApp/src/redux/actions/index.js": {"path":"/Users/willyboris/Desktop/Project/react-app/ReactApp/src/redux/actions/index.js","statementMap":{},"fnMap":{},"branchMap":{},"s":{},"f":{},"b":{},"_coverageSchema":"43e27e138ebf9cfc5966b082cf9a028302ed4184","hash":"3d8c41aea38b850171a69a5dd779c280d16caaa8"}
,"/Users/willyboris/Desktop/Project/react-app/ReactApp/src/redux/actions/saveInputAction.js": {"path":"/Users/willyboris/Desktop/Project/react-app/ReactApp/src/redux/actions/saveInputAction.js","statementMap":{"0":{"start":{"line":3,"column":25},"end":{"line":8,"column":1}},"1":{"start":{"line":4,"column":4},"end":{"line":7,"column":6}}},"fnMap":{"0":{"name":"(anonymous_0)","decl":{"start":{"line":3,"column":25},"end":{"line":3,"column":26}},"loc":{"start":{"line":3,"column":36},"end":{"line":8,"column":1}},"line":3}},"branchMap":{},"s":{"0":1,"1":0},"f":{"0":0},"b":{},"_coverageSchema":"43e27e138ebf9cfc5966b082cf9a028302ed4184","hash":"d853f64fc9549d90af8292d16fc64d255f6fc241"}
,"/Users/willyboris/Desktop/Project/react-app/ReactApp/src/redux/actions/searchAction.js": {"path":"/Users/willyboris/Desktop/Project/react-app/ReactApp/src/redux/actions/searchAction.js","statementMap":{"0":{"start":{"line":5,"column":0},"end":{"line":5,"column":16}},"1":{"start":{"line":8,"column":27},"end":{"line":11,"column":2}},"2":{"start":{"line":8,"column":38},"end":{"line":11,"column":1}},"3":{"start":{"line":12,"column":29},"end":{"line":15,"column":2}},"4":{"start":{"line":12,"column":40},"end":{"line":15,"column":1}},"5":{"start":{"line":16,"column":28},"end":{"line":34,"column":1}},"6":{"start":{"line":16,"column":39},"end":{"line":34,"column":1}},"7":{"start":{"line":17,"column":4},"end":{"line":33,"column":5}},"8":{"start":{"line":18,"column":8},"end":{"line":18,"column":38}},"9":{"start":{"line":19,"column":23},"end":{"line":25,"column":10}},"10":{"start":{"line":27,"column":8},"end":{"line":27,"column":76}},"11":{"start":{"line":28,"column":8},"end":{"line":28,"column":39}},"12":{"start":{"line":30,"column":8},"end":{"line":30,"column":43}},"13":{"start":{"line":31,"column":8},"end":{"line":31,"column":33}},"14":{"start":{"line":32,"column":8},"end":{"line":32,"column":39}}},"fnMap":{"0":{"name":"(anonymous_0)","decl":{"start":{"line":8,"column":27},"end":{"line":8,"column":28}},"loc":{"start":{"line":8,"column":38},"end":{"line":11,"column":1}},"line":8},"1":{"name":"(anonymous_1)","decl":{"start":{"line":12,"column":29},"end":{"line":12,"column":30}},"loc":{"start":{"line":12,"column":40},"end":{"line":15,"column":1}},"line":12},"2":{"name":"(anonymous_2)","decl":{"start":{"line":16,"column":28},"end":{"line":16,"column":29}},"loc":{"start":{"line":16,"column":39},"end":{"line":34,"column":1}},"line":16},"3":{"name":"(anonymous_3)","decl":{"start":{"line":16,"column":39},"end":{"line":16,"column":40}},"loc":{"start":{"line":16,"column":57},"end":{"line":34,"column":1}},"line":16}},"branchMap":{},"s":{"0":1,"1":1,"2":0,"3":1,"4":3,"5":1,"6":2,"7":2,"8":2,"9":2,"10":1,"11":1,"12":0,"13":0,"14":0},"f":{"0":0,"1":3,"2":2,"3":2},"b":{},"_coverageSchema":"43e27e138ebf9cfc5966b082cf9a028302ed4184","hash":"c9e9a7b6e84ae0260e51d49b398c436af3889c32"}
,"/Users/willyboris/Desktop/Project/react-app/ReactApp/src/redux/actions/spellAction.js": {"path":"/Users/willyboris/Desktop/Project/react-app/ReactApp/src/redux/actions/spellAction.js","statementMap":{"0":{"start":{"line":2,"column":0},"end":{"line":2,"column":16}},"1":{"start":{"line":4,"column":21},"end":{"line":46,"column":1}},"2":{"start":{"line":5,"column":19},"end":{"line":5,"column":37}},"3":{"start":{"line":6,"column":17},"end":{"line":6,"column":46}},"4":{"start":{"line":7,"column":20},"end":{"line":13,"column":5}},"5":{"start":{"line":14,"column":16},"end":{"line":14,"column":114}},"6":{"start":{"line":15,"column":4},"end":{"line":44,"column":42}},"7":{"start":{"line":17,"column":27},"end":{"line":17,"column":52}},"8":{"start":{"line":18,"column":12},"end":{"line":32,"column":15}},"9":{"start":{"line":20,"column":20},"end":{"line":20,"column":34}},"10":{"start":{"line":22,"column":24},"end":{"line":29,"column":27}},"11":{"start":{"line":23,"column":28},"end":{"line":26,"column":29}},"12":{"start":{"line":24,"column":32},"end":{"line":24,"column":51}},"13":{"start":{"line":25,"column":32},"end":{"line":25,"column":39}},"14":{"start":{"line":27,"column":28},"end":{"line":27,"column":54}},"15":{"start":{"line":28,"column":28},"end":{"line":28,"column":42}},"16":{"start":{"line":34,"column":24},"end":{"line":34,"column":44}},"17":{"start":{"line":36,"column":12},"end":{"line":36,"column":42}},"18":{"start":{"line":39,"column":12},"end":{"line":42,"column":15}},"19":{"start":{"line":40,"column":16},"end":{"line":40,"column":44}},"20":{"start":{"line":41,"column":16},"end":{"line":41,"column":53}},"21":{"start":{"line":44,"column":22},"end":{"line":44,"column":40}},"22":{"start":{"line":45,"column":4},"end":{"line":45,"column":20}}},"fnMap":{"0":{"name":"(anonymous_0)","decl":{"start":{"line":4,"column":21},"end":{"line":4,"column":22}},"loc":{"start":{"line":4,"column":38},"end":{"line":46,"column":1}},"line":4},"1":{"name":"(anonymous_1)","decl":{"start":{"line":16,"column":14},"end":{"line":16,"column":15}},"loc":{"start":{"line":16,"column":26},"end":{"line":33,"column":9}},"line":16},"2":{"name":"(anonymous_2)","decl":{"start":{"line":19,"column":16},"end":{"line":19,"column":17}},"loc":{"start":{"line":19,"column":35},"end":{"line":31,"column":17}},"line":19},"3":{"name":"pump","decl":{"start":{"line":21,"column":29},"end":{"line":21,"column":33}},"loc":{"start":{"line":21,"column":37},"end":{"line":30,"column":21}},"line":21},"4":{"name":"(anonymous_4)","decl":{"start":{"line":22,"column":50},"end":{"line":22,"column":51}},"loc":{"start":{"line":22,"column":71},"end":{"line":29,"column":25}},"line":22},"5":{"name":"(anonymous_5)","decl":{"start":{"line":34,"column":14},"end":{"line":34,"column":15}},"loc":{"start":{"line":34,"column":24},"end":{"line":34,"column":44}},"line":34},"6":{"name":"(anonymous_6)","decl":{"start":{"line":35,"column":14},"end":{"line":35,"column":15}},"loc":{"start":{"line":35,"column":26},"end":{"line":37,"column":9}},"line":35},"7":{"name":"(anonymous_7)","decl":{"start":{"line":38,"column":14},"end":{"line":38,"column":15}},"loc":{"start":{"line":38,"column":32},"end":{"line":43,"column":9}},"line":38},"8":{"name":"(anonymous_8)","decl":{"start":{"line":39,"column":45},"end":{"line":39,"column":46}},"loc":{"start":{"line":39,"column":68},"end":{"line":42,"column":13}},"line":39},"9":{"name":"(anonymous_9)","decl":{"start":{"line":44,"column":15},"end":{"line":44,"column":16}},"loc":{"start":{"line":44,"column":22},"end":{"line":44,"column":40}},"line":44}},"branchMap":{"0":{"loc":{"start":{"line":23,"column":28},"end":{"line":26,"column":29}},"type":"if","locations":[{"start":{"line":23,"column":28},"end":{"line":26,"column":29}},{"start":{"line":23,"column":28},"end":{"line":26,"column":29}}],"line":23}},"s":{"0":1,"1":1,"2":0,"3":0,"4":0,"5":0,"6":0,"7":0,"8":0,"9":0,"10":0,"11":0,"12":0,"13":0,"14":0,"15":0,"16":0,"17":0,"18":0,"19":0,"20":0,"21":0,"22":0},"f":{"0":0,"1":0,"2":0,"3":0,"4":0,"5":0,"6":0,"7":0,"8":0,"9":0},"b":{"0":[0,0]},"_coverageSchema":"43e27e138ebf9cfc5966b082cf9a028302ed4184","hash":"163aae2c044d5395f1126ba41a672734e38c3da3"}
,"/Users/willyboris/Desktop/Project/react-app/ReactApp/src/redux/actions-types/index.js": {"path":"/Users/willyboris/Desktop/Project/react-app/ReactApp/src/redux/actions-types/index.js","statementMap":{},"fnMap":{},"branchMap":{},"s":{},"f":{},"b":{},"_coverageSchema":"43e27e138ebf9cfc5966b082cf9a028302ed4184","hash":"7a32ae05b0536674824f4388ef9577f6ae8ba392"}
,"/Users/willyboris/Desktop/Project/react-app/ReactApp/src/redux/actions-types/searchActionsType.js": {"path":"/Users/willyboris/Desktop/Project/react-app/ReactApp/src/redux/actions-types/searchActionsType.js","statementMap":{"0":{"start":{"line":1,"column":28},"end":{"line":1,"column":42}},"1":{"start":{"line":2,"column":26},"end":{"line":2,"column":38}},"2":{"start":{"line":3,"column":30},"end":{"line":3,"column":46}},"3":{"start":{"line":4,"column":31},"end":{"line":4,"column":48}},"4":{"start":{"line":5,"column":26},"end":{"line":5,"column":38}},"5":{"start":{"line":6,"column":25},"end":{"line":6,"column":36}},"6":{"start":{"line":7,"column":29},"end":{"line":7,"column":44}},"7":{"start":{"line":8,"column":23},"end":{"line":8,"column":32}}},"fnMap":{},"branchMap":{},"s":{"0":1,"1":1,"2":1,"3":1,"4":1,"5":1,"6":1,"7":1},"f":{},"b":{},"_coverageSchema":"43e27e138ebf9cfc5966b082cf9a028302ed4184","hash":"9f526a7c084feee8072329f7daa92724f8efa7c5"}
,"/Users/willyboris/Desktop/Project/react-app/ReactApp/src/redux/reducers/index.js": {"path":"/Users/willyboris/Desktop/Project/react-app/ReactApp/src/redux/reducers/index.js","statementMap":{"0":{"start":{"line":7,"column":20},"end":{"line":10,"column":2}}},"fnMap":{},"branchMap":{},"s":{"0":1},"f":{},"b":{},"_coverageSchema":"43e27e138ebf9cfc5966b082cf9a028302ed4184","hash":"2eecbf1ad0373acfb67c3fd95a3aa6e6006ecd8e"}
,"/Users/willyboris/Desktop/Project/react-app/ReactApp/src/redux/reducers/searchReducer.js": {"path":"/Users/willyboris/Desktop/Project/react-app/ReactApp/src/redux/reducers/searchReducer.js","statementMap":{"0":{"start":{"line":4,"column":22},"end":{"line":33,"column":1}},"1":{"start":{"line":8,"column":4},"end":{"line":32,"column":5}},"2":{"start":{"line":10,"column":12},"end":{"line":13,"column":14}},"3":{"start":{"line":16,"column":12},"end":{"line":19,"column":14}},"4":{"start":{"line":21,"column":12},"end":{"line":24,"column":14}},"5":{"start":{"line":26,"column":12},"end":{"line":29,"column":14}},"6":{"start":{"line":31,"column":12},"end":{"line":31,"column":25}}},"fnMap":{"0":{"name":"(anonymous_0)","decl":{"start":{"line":4,"column":22},"end":{"line":4,"column":23}},"loc":{"start":{"line":7,"column":6},"end":{"line":33,"column":1}},"line":7}},"branchMap":{"0":{"loc":{"start":{"line":4,"column":23},"end":{"line":4,"column":43}},"type":"default-arg","locations":[{"start":{"line":4,"column":31},"end":{"line":4,"column":43}}],"line":4},"1":{"loc":{"start":{"line":8,"column":4},"end":{"line":32,"column":5}},"type":"switch","locations":[{"start":{"line":9,"column":8},"end":{"line":13,"column":14}},{"start":{"line":15,"column":8},"end":{"line":19,"column":14}},{"start":{"line":20,"column":8},"end":{"line":24,"column":14}},{"start":{"line":25,"column":8},"end":{"line":29,"column":14}},{"start":{"line":30,"column":8},"end":{"line":31,"column":25}}],"line":8}},"s":{"0":1,"1":8,"2":1,"3":1,"4":1,"5":2,"6":3},"f":{"0":8},"b":{"0":[2],"1":[1,1,1,2,3]},"_coverageSchema":"43e27e138ebf9cfc5966b082cf9a028302ed4184","hash":"ef82ea8e43fe40dc90f2ac6b20a1ac29a3a1788d"}
,"/Users/willyboris/Desktop/Project/react-app/ReactApp/src/redux/store/index.js": {"path":"/Users/willyboris/Desktop/Project/react-app/ReactApp/src/redux/store/index.js","statementMap":{"0":{"start":{"line":11,"column":25},"end":{"line":11,"column":48}},"1":{"start":{"line":13,"column":14},"end":{"line":18,"column":1}}},"fnMap":{},"branchMap":{},"s":{"0":0,"1":0},"f":{},"b":{},"hash":"c8a8c4e1486411552af53261cce933a6fa2560bf"}
}
