TN:
SF:/Users/willyboris/Desktop/Project/react-app/ReactApp/src/App.js
FN:6,(anonymous_0)
FNF:1
FNH:1
FNDA:1,(anonymous_0)
DA:6,1
DA:7,1
LF:2
LH:2
BRF:0
BRH:0
end_of_record
TN:
SF:/Users/willyboris/Desktop/Project/react-app/ReactApp/src/index.js
FNF:0
FNH:0
DA:7,0
DA:8,0
LF:2
LH:0
BRF:0
BRH:0
end_of_record
TN:
SF:/Users/willyboris/Desktop/Project/react-app/ReactApp/src/components/OutputField.js
FN:6,(anonymous_0)
FN:25,(anonymous_1)
FNF:2
FNH:2
FNDA:4,(anonymous_0)
FNDA:4,(anonymous_1)
DA:7,4
DA:25,1
DA:26,4
LF:3
LH:3
BRF:0
BRH:0
end_of_record
TN:
SF:/Users/willyboris/Desktop/Project/react-app/ReactApp/src/components/SearchField.js
FN:11,(anonymous_0)
FN:14,(anonymous_1)
FN:17,(anonymous_2)
FN:21,(anonymous_3)
FN:37,(anonymous_4)
FN:47,(anonymous_5)
FNF:6
FNH:4
FNDA:1,(anonymous_0)
FNDA:1,(anonymous_1)
FNDA:0,(anonymous_2)
FNDA:2,(anonymous_3)
FNDA:0,(anonymous_4)
FNDA:2,(anonymous_5)
DA:12,1
DA:15,1
DA:17,1
DA:18,0
DA:19,0
DA:22,2
DA:24,2
DA:37,0
DA:47,1
DA:48,2
LF:10
LH:7
BRDA:26,0,0,1
BRDA:26,0,1,1
BRF:2
BRH:2
end_of_record
TN:
SF:/Users/willyboris/Desktop/Project/react-app/ReactApp/src/components/SpeechVoice.js
FN:11,(anonymous_0)
FN:15,(anonymous_1)
FN:19,(anonymous_2)
FN:22,(anonymous_3)
FN:29,(anonymous_4)
FNF:5
FNH:3
FNDA:2,(anonymous_0)
FNDA:0,(anonymous_1)
FNDA:3,(anonymous_2)
FNDA:0,(anonymous_3)
FNDA:3,(anonymous_4)
DA:12,2
DA:15,2
DA:16,0
DA:17,0
DA:20,3
DA:22,0
DA:29,1
DA:30,3
LF:8
LH:5
BRF:0
BRH:0
end_of_record
TN:
SF:/Users/willyboris/Desktop/Project/react-app/ReactApp/src/components/Spinner.js
FN:5,(anonymous_0)
FNF:1
FNH:1
FNDA:2,(anonymous_0)
DA:5,1
DA:6,2
LF:2
LH:2
BRF:0
BRH:0
end_of_record
TN:
SF:/Users/willyboris/Desktop/Project/react-app/ReactApp/src/helper/notification.js
FN:3,(anonymous_0)
FN:4,(anonymous_1)
FNF:2
FNH:0
FNDA:0,(anonymous_0)
FNDA:0,(anonymous_1)
DA:3,1
DA:4,1
LF:2
LH:2
BRF:0
BRH:0
end_of_record
TN:
SF:/Users/willyboris/Desktop/Project/react-app/ReactApp/src/redux/actions/index.js
FNF:0
FNH:0
LF:0
LH:0
BRF:0
BRH:0
end_of_record
TN:
SF:/Users/willyboris/Desktop/Project/react-app/ReactApp/src/redux/actions/saveInputAction.js
FN:3,(anonymous_0)
FNF:1
FNH:0
FNDA:0,(anonymous_0)
DA:3,1
DA:4,0
LF:2
LH:1
BRF:0
BRH:0
end_of_record
TN:
SF:/Users/willyboris/Desktop/Project/react-app/ReactApp/src/redux/actions/searchAction.js
FN:8,(anonymous_0)
FN:12,(anonymous_1)
FN:16,(anonymous_2)
FN:16,(anonymous_3)
FNF:4
FNH:3
FNDA:0,(anonymous_0)
FNDA:3,(anonymous_1)
FNDA:2,(anonymous_2)
FNDA:2,(anonymous_3)
DA:5,1
DA:8,1
DA:12,3
DA:16,2
DA:17,2
DA:18,2
DA:19,2
DA:27,1
DA:28,1
DA:30,0
DA:31,0
DA:32,0
LF:12
LH:9
BRF:0
BRH:0
end_of_record
TN:
SF:/Users/willyboris/Desktop/Project/react-app/ReactApp/src/redux/actions/spellAction.js
FN:4,(anonymous_0)
FN:16,(anonymous_1)
FN:19,(anonymous_2)
FN:21,pump
FN:22,(anonymous_4)
FN:34,(anonymous_5)
FN:35,(anonymous_6)
FN:38,(anonymous_7)
FN:39,(anonymous_8)
FN:44,(anonymous_9)
FNF:10
FNH:0
FNDA:0,(anonymous_0)
FNDA:0,(anonymous_1)
FNDA:0,(anonymous_2)
FNDA:0,pump
FNDA:0,(anonymous_4)
FNDA:0,(anonymous_5)
FNDA:0,(anonymous_6)
FNDA:0,(anonymous_7)
FNDA:0,(anonymous_8)
FNDA:0,(anonymous_9)
DA:2,1
DA:4,1
DA:5,0
DA:6,0
DA:7,0
DA:14,0
DA:15,0
DA:17,0
DA:18,0
DA:20,0
DA:22,0
DA:23,0
DA:24,0
DA:25,0
DA:27,0
DA:28,0
DA:34,0
DA:36,0
DA:39,0
DA:40,0
DA:41,0
DA:44,0
DA:45,0
LF:23
LH:2
BRDA:23,0,0,0
BRDA:23,0,1,0
BRF:2
BRH:0
end_of_record
TN:
SF:/Users/willyboris/Desktop/Project/react-app/ReactApp/src/redux/actions-types/index.js
FNF:0
FNH:0
LF:0
LH:0
BRF:0
BRH:0
end_of_record
TN:
SF:/Users/willyboris/Desktop/Project/react-app/ReactApp/src/redux/actions-types/searchActionsType.js
FNF:0
FNH:0
DA:1,1
DA:2,1
DA:3,1
DA:4,1
DA:5,1
DA:6,1
DA:7,1
DA:8,1
LF:8
LH:8
BRF:0
BRH:0
end_of_record
TN:
SF:/Users/willyboris/Desktop/Project/react-app/ReactApp/src/redux/reducers/index.js
FNF:0
FNH:0
DA:7,1
LF:1
LH:1
BRF:0
BRH:0
end_of_record
TN:
SF:/Users/willyboris/Desktop/Project/react-app/ReactApp/src/redux/reducers/searchReducer.js
FN:4,(anonymous_0)
FNF:1
FNH:1
FNDA:8,(anonymous_0)
DA:4,1
DA:8,8
DA:10,1
DA:16,1
DA:21,1
DA:26,2
DA:31,3
LF:7
LH:7
BRDA:4,0,0,2
BRDA:8,1,0,1
BRDA:8,1,1,1
BRDA:8,1,2,1
BRDA:8,1,3,2
BRDA:8,1,4,3
BRF:6
BRH:6
end_of_record
TN:
SF:/Users/willyboris/Desktop/Project/react-app/ReactApp/src/redux/store/index.js
FNF:0
FNH:0
DA:11,0
DA:13,0
LF:2
LH:0
BRF:0
BRH:0
end_of_record
